<?xml version="1.0" encoding="UTF-8"?>
<coverage generated="1780542068826" clover="3.2.0">
  <project timestamp="1780542068826" name="All files">
    <metrics statements="95" coveredstatements="95" conditionals="49" coveredconditionals="49" methods="9" coveredmethods="9" elements="153" coveredelements="153" complexity="0" loc="95" ncloc="95" packages="3" files="9" classes="9"/>
    <package name="presets">
      <metrics statements="3" coveredstatements="3" conditionals="0" coveredconditionals="0" methods="0" coveredmethods="0"/>
      <file name="fujiSupertia.ts" path="/Users/ethan/Documents/film-filter/presets/fujiSupertia.ts">
        <metrics statements="1" coveredstatements="1" conditionals="0" coveredconditionals="0" methods="0" coveredmethods="0"/>
        <line num="7" count="1" type="stmt"/>
      </file>
      <file name="ilfordHP5.ts" path="/Users/ethan/Documents/film-filter/presets/ilfordHP5.ts">
        <metrics statements="1" coveredstatements="1" conditionals="0" coveredconditionals="0" methods="0" coveredmethods="0"/>
        <line num="7" count="1" type="stmt"/>
      </file>
      <file name="kodak.ts" path="/Users/ethan/Documents/film-filter/presets/kodak.ts">
        <metrics statements="1" coveredstatements="1" conditionals="0" coveredconditionals="0" methods="0" coveredmethods="0"/>
        <line num="7" count="1" type="stmt"/>
      </file>
    </package>
    <package name="src">
      <metrics statements="26" coveredstatements="26" conditionals="21" coveredconditionals="21" methods="4" coveredmethods="4"/>
      <file name="pipeline.ts" path="/Users/ethan/Documents/film-filter/src/pipeline.ts">
        <metrics statements="26" coveredstatements="26" conditionals="21" coveredconditionals="21" methods="4" coveredmethods="4"/>
        <line num="24" count="18" type="stmt"/>
        <line num="31" count="8" type="stmt"/>
        <line num="35" count="8" type="cond" truecount="2" falsecount="0"/>
        <line num="36" count="2" type="stmt"/>
        <line num="40" count="8" type="cond" truecount="2" falsecount="0"/>
        <line num="41" count="2" type="stmt"/>
        <line num="45" count="8" type="cond" truecount="2" falsecount="0"/>
        <line num="46" count="2" type="stmt"/>
        <line num="50" count="8" type="cond" truecount="2" falsecount="0"/>
        <line num="51" count="5" type="stmt"/>
        <line num="55" count="8" type="cond" truecount="2" falsecount="0"/>
        <line num="56" count="7" type="stmt"/>
        <line num="59" count="8" type="stmt"/>
        <line num="66" count="5" type="stmt"/>
        <line num="68" count="5" type="cond" truecount="2" falsecount="0"/>
        <line num="69" count="1" type="stmt"/>
        <line num="72" count="5" type="cond" truecount="2" falsecount="0"/>
        <line num="73" count="1" type="stmt"/>
        <line num="76" count="5" type="cond" truecount="2" falsecount="0"/>
        <line num="77" count="1" type="stmt"/>
        <line num="80" count="5" type="cond" truecount="2" falsecount="0"/>
        <line num="81" count="1" type="stmt"/>
        <line num="84" count="5" type="cond" truecount="2" falsecount="0"/>
        <line num="85" count="3" type="stmt"/>
        <line num="88" count="5" type="stmt"/>
        <line num="95" count="3" type="stmt"/>
      </file>
    </package>
    <package name="src.effects">
      <metrics statements="66" coveredstatements="66" conditionals="28" coveredconditionals="28" methods="5" coveredmethods="5"/>
      <file name="blur.ts" path="/Users/ethan/Documents/film-filter/src/effects/blur.ts">
        <metrics statements="2" coveredstatements="2" conditionals="2" coveredconditionals="2" methods="1" coveredmethods="1"/>
        <line num="14" count="4" type="cond" truecount="1" falsecount="0"/>
        <line num="15" count="4" type="stmt"/>
      </file>
      <file name="colourGrade.ts" path="/Users/ethan/Documents/film-filter/src/effects/colourGrade.ts">
        <metrics statements="10" coveredstatements="10" conditionals="9" coveredconditionals="9" methods="1" coveredmethods="1"/>
        <line num="18" count="4" type="cond" truecount="4" falsecount="0"/>
        <line num="20" count="4" type="cond" truecount="2" falsecount="0"/>
        <line num="21" count="1" type="stmt"/>
        <line num="22" count="1" type="stmt"/>
        <line num="23" count="3" type="cond" truecount="2" falsecount="0"/>
        <line num="24" count="1" type="stmt"/>
        <line num="25" count="1" type="stmt"/>
        <line num="29" count="4" type="stmt"/>
        <line num="30" count="4" type="stmt"/>
        <line num="32" count="4" type="stmt"/>
      </file>
      <file name="contrast.ts" path="/Users/ethan/Documents/film-filter/src/effects/contrast.ts">
        <metrics statements="8" coveredstatements="8" conditionals="5" coveredconditionals="5" methods="1" coveredmethods="1"/>
        <line num="15" count="2" type="cond" truecount="2" falsecount="0"/>
        <line num="18" count="2" type="stmt"/>
        <line num="20" count="2" type="stmt"/>
        <line num="25" count="2" type="cond" truecount="2" falsecount="0"/>
        <line num="28" count="1" type="stmt"/>
        <line num="29" count="1" type="stmt"/>
        <line num="31" count="1" type="stmt"/>
        <line num="34" count="2" type="stmt"/>
      </file>
      <file name="grain.ts" path="/Users/ethan/Documents/film-filter/src/effects/grain.ts">
        <metrics statements="25" coveredstatements="25" conditionals="7" coveredconditionals="7" methods="1" coveredmethods="1"/>
        <line num="9" count="1" type="stmt"/>
        <line num="10" count="1" type="stmt"/>
        <line num="11" count="1" type="stmt"/>
        <line num="13" count="1" type="stmt"/>
        <line num="24" count="7" type="cond" truecount="2" falsecount="0"/>
        <line num="26" count="7" type="cond" truecount="2" falsecount="0"/>
        <line num="29" count="6" type="stmt"/>
        <line num="30" count="6" type="stmt"/>
        <line num="32" count="6" type="stmt"/>
        <line num="34" count="6" type="stmt"/>
        <line num="37" count="204" type="stmt"/>
        <line num="41" count="204" type="stmt"/>
        <line num="42" count="204" type="stmt"/>
        <line num="43" count="204" type="stmt"/>
        <line num="46" count="204" type="stmt"/>
        <line num="50" count="204" type="stmt"/>
        <line num="52" count="204" type="stmt"/>
        <line num="55" count="204" type="stmt"/>
        <line num="56" count="204" type="stmt"/>
        <line num="57" count="204" type="stmt"/>
        <line num="62" count="6" type="stmt"/>
        <line num="66" count="6" type="cond" truecount="2" falsecount="0"/>
        <line num="68" count="2" type="stmt"/>
        <line num="69" count="2" type="stmt"/>
        <line num="72" count="6" type="stmt"/>
      </file>
      <file name="vignette.ts" path="/Users/ethan/Documents/film-filter/src/effects/vignette.ts">
        <metrics statements="21" coveredstatements="21" conditionals="5" coveredconditionals="5" methods="1" coveredmethods="1"/>
        <line num="12" count="13" type="cond" truecount="2" falsecount="0"/>
        <line num="14" count="13" type="cond" truecount="2" falsecount="0"/>
        <line num="17" count="12" type="stmt"/>
        <line num="18" count="12" type="stmt"/>
        <line num="20" count="12" type="stmt"/>
        <line num="21" count="12" type="stmt"/>
        <line num="22" count="12" type="stmt"/>
        <line num="24" count="12" type="stmt"/>
        <line num="26" count="12" type="stmt"/>
        <line num="27" count="120" type="stmt"/>
        <line num="28" count="1200" type="stmt"/>
        <line num="29" count="1200" type="stmt"/>
        <line num="32" count="1200" type="stmt"/>
        <line num="34" count="1200" type="stmt"/>
        <line num="35" count="1200" type="stmt"/>
        <line num="38" count="1200" type="stmt"/>
        <line num="40" count="1200" type="stmt"/>
        <line num="43" count="1200" type="stmt"/>
        <line num="45" count="1200" type="stmt"/>
        <line num="49" count="12" type="stmt"/>
        <line num="54" count="12" type="stmt"/>
      </file>
    </package>
  </project>
</coverage>
