{"/Users/ethan/Documents/film-filter/presets/fujiSupertia.ts": {"path":"/Users/ethan/Documents/film-filter/presets/fujiSupertia.ts","statementMap":{"0":{"start":{"line":7,"column":44},"end":{"line":25,"column":null}}},"fnMap":{},"branchMap":{},"s":{"0":1},"f":{},"b":{},"meta":{"lastBranch":0,"lastFunction":0,"lastStatement":1,"seen":{"s:7:44:25:Infinity":0}}}
,"/Users/ethan/Documents/film-filter/presets/ilfordHP5.ts": {"path":"/Users/ethan/Documents/film-filter/presets/ilfordHP5.ts","statementMap":{"0":{"start":{"line":7,"column":41},"end":{"line":24,"column":null}}},"fnMap":{},"branchMap":{},"s":{"0":1},"f":{},"b":{},"meta":{"lastBranch":0,"lastFunction":0,"lastStatement":1,"seen":{"s:7:41:24:Infinity":0}}}
,"/Users/ethan/Documents/film-filter/presets/kodak.ts": {"path":"/Users/ethan/Documents/film-filter/presets/kodak.ts","statementMap":{"0":{"start":{"line":7,"column":37},"end":{"line":26,"column":null}}},"fnMap":{},"branchMap":{},"s":{"0":1},"f":{},"b":{},"meta":{"lastBranch":0,"lastFunction":0,"lastStatement":1,"seen":{"s:7:37:26:Infinity":0}}}
,"/Users/ethan/Documents/film-filter/src/pipeline.ts": {"path":"/Users/ethan/Documents/film-filter/src/pipeline.ts","statementMap":{"0":{"start":{"line":24,"column":4},"end":{"line":24,"column":null}},"1":{"start":{"line":31,"column":8},"end":{"line":31,"column":null}},"2":{"start":{"line":35,"column":4},"end":{"line":37,"column":null}},"3":{"start":{"line":36,"column":6},"end":{"line":36,"column":null}},"4":{"start":{"line":40,"column":4},"end":{"line":42,"column":null}},"5":{"start":{"line":41,"column":6},"end":{"line":41,"column":null}},"6":{"start":{"line":45,"column":4},"end":{"line":47,"column":null}},"7":{"start":{"line":46,"column":6},"end":{"line":46,"column":null}},"8":{"start":{"line":50,"column":4},"end":{"line":52,"column":null}},"9":{"start":{"line":51,"column":6},"end":{"line":51,"column":null}},"10":{"start":{"line":55,"column":4},"end":{"line":57,"column":null}},"11":{"start":{"line":56,"column":6},"end":{"line":56,"column":null}},"12":{"start":{"line":59,"column":4},"end":{"line":59,"column":null}},"13":{"start":{"line":66,"column":8},"end":{"line":66,"column":null}},"14":{"start":{"line":68,"column":4},"end":{"line":70,"column":null}},"15":{"start":{"line":69,"column":6},"end":{"line":69,"column":null}},"16":{"start":{"line":72,"column":4},"end":{"line":74,"column":null}},"17":{"start":{"line":73,"column":6},"end":{"line":73,"column":null}},"18":{"start":{"line":76,"column":4},"end":{"line":78,"column":null}},"19":{"start":{"line":77,"column":6},"end":{"line":77,"column":null}},"20":{"start":{"line":80,"column":4},"end":{"line":82,"column":null}},"21":{"start":{"line":81,"column":6},"end":{"line":81,"column":null}},"22":{"start":{"line":84,"column":4},"end":{"line":86,"column":null}},"23":{"start":{"line":85,"column":6},"end":{"line":85,"column":null}},"24":{"start":{"line":88,"column":4},"end":{"line":88,"column":null}},"25":{"start":{"line":95,"column":4},"end":{"line":95,"column":null}}},"fnMap":{"0":{"name":"constructor","decl":{"start":{"line":23,"column":2},"end":{"line":23,"column":14}},"loc":{"start":{"line":23,"column":43},"end":{"line":25,"column":null}},"line":23},"1":{"name":"apply","decl":{"start":{"line":30,"column":8},"end":{"line":30,"column":14}},"loc":{"start":{"line":30,"column":68},"end":{"line":60,"column":null}},"line":30},"2":{"name":"applyToBuffer","decl":{"start":{"line":65,"column":8},"end":{"line":65,"column":22}},"loc":{"start":{"line":65,"column":60},"end":{"line":89,"column":null}},"line":65},"3":{"name":"setConfig","decl":{"start":{"line":94,"column":2},"end":{"line":94,"column":12}},"loc":{"start":{"line":94,"column":51},"end":{"line":96,"column":null}},"line":94}},"branchMap":{"0":{"loc":{"start":{"line":23,"column":14},"end":{"line":23,"column":43}},"type":"default-arg","locations":[{"start":{"line":23,"column":39},"end":{"line":23,"column":43}}],"line":23},"1":{"loc":{"start":{"line":35,"column":4},"end":{"line":37,"column":null}},"type":"if","locations":[{"start":{"line":35,"column":4},"end":{"line":37,"column":null}},{"start":{},"end":{}}],"line":35},"2":{"loc":{"start":{"line":40,"column":4},"end":{"line":42,"column":null}},"type":"if","locations":[{"start":{"line":40,"column":4},"end":{"line":42,"column":null}},{"start":{},"end":{}}],"line":40},"3":{"loc":{"start":{"line":45,"column":4},"end":{"line":47,"column":null}},"type":"if","locations":[{"start":{"line":45,"column":4},"end":{"line":47,"column":null}},{"start":{},"end":{}}],"line":45},"4":{"loc":{"start":{"line":50,"column":4},"end":{"line":52,"column":null}},"type":"if","locations":[{"start":{"line":50,"column":4},"end":{"line":52,"column":null}},{"start":{},"end":{}}],"line":50},"5":{"loc":{"start":{"line":55,"column":4},"end":{"line":57,"column":null}},"type":"if","locations":[{"start":{"line":55,"column":4},"end":{"line":57,"column":null}},{"start":{},"end":{}}],"line":55},"6":{"loc":{"start":{"line":68,"column":4},"end":{"line":70,"column":null}},"type":"if","locations":[{"start":{"line":68,"column":4},"end":{"line":70,"column":null}},{"start":{},"end":{}}],"line":68},"7":{"loc":{"start":{"line":72,"column":4},"end":{"line":74,"column":null}},"type":"if","locations":[{"start":{"line":72,"column":4},"end":{"line":74,"column":null}},{"start":{},"end":{}}],"line":72},"8":{"loc":{"start":{"line":76,"column":4},"end":{"line":78,"column":null}},"type":"if","locations":[{"start":{"line":76,"column":4},"end":{"line":78,"column":null}},{"start":{},"end":{}}],"line":76},"9":{"loc":{"start":{"line":80,"column":4},"end":{"line":82,"column":null}},"type":"if","locations":[{"start":{"line":80,"column":4},"end":{"line":82,"column":null}},{"start":{},"end":{}}],"line":80},"10":{"loc":{"start":{"line":84,"column":4},"end":{"line":86,"column":null}},"type":"if","locations":[{"start":{"line":84,"column":4},"end":{"line":86,"column":null}},{"start":{},"end":{}}],"line":84}},"s":{"0":18,"1":8,"2":8,"3":2,"4":8,"5":2,"6":8,"7":2,"8":8,"9":5,"10":8,"11":7,"12":8,"13":5,"14":5,"15":1,"16":5,"17":1,"18":5,"19":1,"20":5,"21":1,"22":5,"23":3,"24":5,"25":3},"f":{"0":18,"1":8,"2":5,"3":3},"b":{"0":[18],"1":[2,6],"2":[2,6],"3":[2,6],"4":[5,3],"5":[7,1],"6":[1,4],"7":[1,4],"8":[1,4],"9":[1,4],"10":[3,2]},"meta":{"lastBranch":11,"lastFunction":4,"lastStatement":26,"seen":{"f:23:2:23:14":0,"b:23:39:23:43":0,"s:24:4:24:Infinity":0,"f:30:8:30:14":1,"s:31:8:31:Infinity":1,"b:35:4:37:Infinity:undefined:undefined:undefined:undefined":1,"s:35:4:37:Infinity":2,"s:36:6:36:Infinity":3,"b:40:4:42:Infinity:undefined:undefined:undefined:undefined":2,"s:40:4:42:Infinity":4,"s:41:6:41:Infinity":5,"b:45:4:47:Infinity:undefined:undefined:undefined:undefined":3,"s:45:4:47:Infinity":6,"s:46:6:46:Infinity":7,"b:50:4:52:Infinity:undefined:undefined:undefined:undefined":4,"s:50:4:52:Infinity":8,"s:51:6:51:Infinity":9,"b:55:4:57:Infinity:undefined:undefined:undefined:undefined":5,"s:55:4:57:Infinity":10,"s:56:6:56:Infinity":11,"s:59:4:59:Infinity":12,"f:65:8:65:22":2,"s:66:8:66:Infinity":13,"b:68:4:70:Infinity:undefined:undefined:undefined:undefined":6,"s:68:4:70:Infinity":14,"s:69:6:69:Infinity":15,"b:72:4:74:Infinity:undefined:undefined:undefined:undefined":7,"s:72:4:74:Infinity":16,"s:73:6:73:Infinity":17,"b:76:4:78:Infinity:undefined:undefined:undefined:undefined":8,"s:76:4:78:Infinity":18,"s:77:6:77:Infinity":19,"b:80:4:82:Infinity:undefined:undefined:undefined:undefined":9,"s:80:4:82:Infinity":20,"s:81:6:81:Infinity":21,"b:84:4:86:Infinity:undefined:undefined:undefined:undefined":10,"s:84:4:86:Infinity":22,"s:85:6:85:Infinity":23,"s:88:4:88:Infinity":24,"f:94:2:94:12":3,"s:95:4:95:Infinity":25}}}
,"/Users/ethan/Documents/film-filter/src/effects/blur.ts": {"path":"/Users/ethan/Documents/film-filter/src/effects/blur.ts","statementMap":{"0":{"start":{"line":14,"column":26},"end":{"line":14,"column":null}},"1":{"start":{"line":15,"column":2},"end":{"line":15,"column":null}}},"fnMap":{"0":{"name":"applyBlur","decl":{"start":{"line":10,"column":22},"end":{"line":10,"column":null}},"loc":{"start":{"line":13,"column":24},"end":{"line":16,"column":null}},"line":13}},"branchMap":{"0":{"loc":{"start":{"line":12,"column":2},"end":{"line":12,"column":null}},"type":"default-arg","locations":[{"start":{"line":12,"column":25},"end":{"line":12,"column":null}}],"line":12},"1":{"loc":{"start":{"line":14,"column":10},"end":{"line":14,"column":26}},"type":"default-arg","locations":[{"start":{"line":14,"column":18},"end":{"line":14,"column":26}}],"line":14}},"s":{"0":4,"1":4},"f":{"0":4},"b":{"0":[4],"1":[4]},"meta":{"lastBranch":2,"lastFunction":1,"lastStatement":2,"seen":{"f:10:22:10:Infinity":0,"b:12:25:12:Infinity":0,"s:14:26:14:Infinity":0,"b:14:18:14:26":1,"s:15:2:15:Infinity":1}}}
,"/Users/ethan/Documents/film-filter/src/effects/colourGrade.ts": {"path":"/Users/ethan/Documents/film-filter/src/effects/colourGrade.ts","statementMap":{"0":{"start":{"line":18,"column":76},"end":{"line":18,"column":null}},"1":{"start":{"line":20,"column":2},"end":{"line":26,"column":null}},"2":{"start":{"line":21,"column":4},"end":{"line":21,"column":null}},"3":{"start":{"line":22,"column":4},"end":{"line":22,"column":null}},"4":{"start":{"line":23,"column":9},"end":{"line":26,"column":null}},"5":{"start":{"line":24,"column":4},"end":{"line":24,"column":null}},"6":{"start":{"line":25,"column":4},"end":{"line":25,"column":null}},"7":{"start":{"line":29,"column":26},"end":{"line":29,"column":null}},"8":{"start":{"line":30,"column":25},"end":{"line":30,"column":null}},"9":{"start":{"line":32,"column":2},"end":{"line":36,"column":null}}},"fnMap":{"0":{"name":"applyColourGrade","decl":{"start":{"line":14,"column":22},"end":{"line":14,"column":null}},"loc":{"start":{"line":17,"column":24},"end":{"line":37,"column":null}},"line":17}},"branchMap":{"0":{"loc":{"start":{"line":16,"column":2},"end":{"line":16,"column":null}},"type":"default-arg","locations":[{"start":{"line":16,"column":32},"end":{"line":16,"column":null}}],"line":16},"1":{"loc":{"start":{"line":18,"column":8},"end":{"line":18,"column":17}},"type":"default-arg","locations":[{"start":{"line":18,"column":14},"end":{"line":18,"column":17}}],"line":18},"2":{"loc":{"start":{"line":18,"column":17},"end":{"line":18,"column":33}},"type":"default-arg","locations":[{"start":{"line":18,"column":30},"end":{"line":18,"column":33}}],"line":18},"3":{"loc":{"start":{"line":18,"column":33},"end":{"line":18,"column":48}},"type":"default-arg","locations":[{"start":{"line":18,"column":45},"end":{"line":18,"column":48}}],"line":18},"4":{"loc":{"start":{"line":18,"column":48},"end":{"line":18,"column":76}},"type":"default-arg","locations":[{"start":{"line":18,"column":62},"end":{"line":18,"column":76}}],"line":18},"5":{"loc":{"start":{"line":20,"column":2},"end":{"line":26,"column":null}},"type":"if","locations":[{"start":{"line":20,"column":2},"end":{"line":26,"column":null}},{"start":{"line":23,"column":9},"end":{"line":26,"column":null}}],"line":20},"6":{"loc":{"start":{"line":23,"column":9},"end":{"line":26,"column":null}},"type":"if","locations":[{"start":{"line":23,"column":9},"end":{"line":26,"column":null}},{"start":{},"end":{}}],"line":23}},"s":{"0":4,"1":4,"2":1,"3":1,"4":3,"5":1,"6":1,"7":4,"8":4,"9":4},"f":{"0":4},"b":{"0":[4],"1":[4],"2":[4],"3":[4],"4":[4],"5":[1,3],"6":[1,2]},"meta":{"lastBranch":7,"lastFunction":1,"lastStatement":10,"seen":{"f:14:22:14:Infinity":0,"b:16:32:16:Infinity":0,"s:18:76:18:Infinity":0,"b:18:14:18:17":1,"b:18:30:18:33":2,"b:18:45:18:48":3,"b:18:62:18:76":4,"b:20:2:26:Infinity:23:9:26:Infinity":5,"s:20:2:26:Infinity":1,"s:21:4:21:Infinity":2,"s:22:4:22:Infinity":3,"b:23:9:26:Infinity:undefined:undefined:undefined:undefined":6,"s:23:9:26:Infinity":4,"s:24:4:24:Infinity":5,"s:25:4:25:Infinity":6,"s:29:26:29:Infinity":7,"s:30:25:30:Infinity":8,"s:32:2:36:Infinity":9}}}
,"/Users/ethan/Documents/film-filter/src/effects/contrast.ts": {"path":"/Users/ethan/Documents/film-filter/src/effects/contrast.ts","statementMap":{"0":{"start":{"line":15,"column":43},"end":{"line":15,"column":null}},"1":{"start":{"line":18,"column":26},"end":{"line":18,"column":null}},"2":{"start":{"line":20,"column":15},"end":{"line":22,"column":null}},"3":{"start":{"line":25,"column":2},"end":{"line":32,"column":null}},"4":{"start":{"line":28,"column":19},"end":{"line":28,"column":null}},"5":{"start":{"line":29,"column":21},"end":{"line":29,"column":null}},"6":{"start":{"line":31,"column":4},"end":{"line":31,"column":null}},"7":{"start":{"line":34,"column":2},"end":{"line":34,"column":null}}},"fnMap":{"0":{"name":"applyContrast","decl":{"start":{"line":11,"column":22},"end":{"line":11,"column":null}},"loc":{"start":{"line":14,"column":24},"end":{"line":35,"column":null}},"line":14}},"branchMap":{"0":{"loc":{"start":{"line":13,"column":2},"end":{"line":13,"column":null}},"type":"default-arg","locations":[{"start":{"line":13,"column":29},"end":{"line":13,"column":null}}],"line":13},"1":{"loc":{"start":{"line":15,"column":10},"end":{"line":15,"column":24}},"type":"default-arg","locations":[{"start":{"line":15,"column":21},"end":{"line":15,"column":24}}],"line":15},"2":{"loc":{"start":{"line":15,"column":24},"end":{"line":15,"column":43}},"type":"default-arg","locations":[{"start":{"line":15,"column":37},"end":{"line":15,"column":43}}],"line":15},"3":{"loc":{"start":{"line":25,"column":2},"end":{"line":32,"column":null}},"type":"if","locations":[{"start":{"line":25,"column":2},"end":{"line":32,"column":null}},{"start":{},"end":{}}],"line":25}},"s":{"0":2,"1":2,"2":2,"3":2,"4":1,"5":1,"6":1,"7":2},"f":{"0":2},"b":{"0":[2],"1":[2],"2":[2],"3":[1,1]},"meta":{"lastBranch":4,"lastFunction":1,"lastStatement":8,"seen":{"f:11:22:11:Infinity":0,"b:13:29:13:Infinity":0,"s:15:43:15:Infinity":0,"b:15:21:15:24":1,"b:15:37:15:43":2,"s:18:26:18:Infinity":1,"s:20:15:22:Infinity":2,"b:25:2:32:Infinity:undefined:undefined:undefined:undefined":3,"s:25:2:32:Infinity":3,"s:28:19:28:Infinity":4,"s:29:21:29:Infinity":5,"s:31:4:31:Infinity":6,"s:34:2:34:Infinity":7}}}
,"/Users/ethan/Documents/film-filter/src/effects/grain.ts": {"path":"/Users/ethan/Documents/film-filter/src/effects/grain.ts","statementMap":{"0":{"start":{"line":9,"column":17},"end":{"line":9,"column":null}},"1":{"start":{"line":10,"column":19},"end":{"line":10,"column":null}},"2":{"start":{"line":11,"column":18},"end":{"line":11,"column":null}},"3":{"start":{"line":13,"column":26},"end":{"line":13,"column":null}},"4":{"start":{"line":24,"column":39},"end":{"line":24,"column":null}},"5":{"start":{"line":26,"column":2},"end":{"line":26,"column":null}},"6":{"start":{"line":26,"column":23},"end":{"line":26,"column":null}},"7":{"start":{"line":29,"column":25},"end":{"line":29,"column":null}},"8":{"start":{"line":30,"column":17},"end":{"line":30,"column":null}},"9":{"start":{"line":32,"column":25},"end":{"line":32,"column":null}},"10":{"start":{"line":34,"column":2},"end":{"line":58,"column":null}},"11":{"start":{"line":34,"column":15},"end":{"line":34,"column":18}},"12":{"start":{"line":37,"column":10},"end":{"line":37,"column":null}},"13":{"start":{"line":41,"column":16},"end":{"line":41,"column":null}},"14":{"start":{"line":42,"column":18},"end":{"line":42,"column":null}},"15":{"start":{"line":43,"column":17},"end":{"line":43,"column":null}},"16":{"start":{"line":46,"column":22},"end":{"line":46,"column":null}},"17":{"start":{"line":50,"column":26},"end":{"line":50,"column":null}},"18":{"start":{"line":52,"column":26},"end":{"line":52,"column":null}},"19":{"start":{"line":55,"column":4},"end":{"line":55,"column":null}},"20":{"start":{"line":56,"column":4},"end":{"line":56,"column":null}},"21":{"start":{"line":57,"column":4},"end":{"line":57,"column":null}},"22":{"start":{"line":62,"column":6},"end":{"line":64,"column":null}},"23":{"start":{"line":66,"column":2},"end":{"line":70,"column":null}},"24":{"start":{"line":68,"column":10},"end":{"line":68,"column":null}},"25":{"start":{"line":69,"column":4},"end":{"line":69,"column":null}},"26":{"start":{"line":72,"column":2},"end":{"line":72,"column":null}}},"fnMap":{"0":{"name":"applyGrain","decl":{"start":{"line":20,"column":22},"end":{"line":20,"column":null}},"loc":{"start":{"line":23,"column":24},"end":{"line":73,"column":null}},"line":23}},"branchMap":{"0":{"loc":{"start":{"line":22,"column":2},"end":{"line":22,"column":null}},"type":"default-arg","locations":[{"start":{"line":22,"column":26},"end":{"line":22,"column":null}}],"line":22},"1":{"loc":{"start":{"line":24,"column":10},"end":{"line":24,"column":26}},"type":"default-arg","locations":[{"start":{"line":24,"column":22},"end":{"line":24,"column":26}}],"line":24},"2":{"loc":{"start":{"line":24,"column":26},"end":{"line":24,"column":39}},"type":"default-arg","locations":[{"start":{"line":24,"column":33},"end":{"line":24,"column":39}}],"line":24},"3":{"loc":{"start":{"line":26,"column":2},"end":{"line":26,"column":null}},"type":"if","locations":[{"start":{"line":26,"column":2},"end":{"line":26,"column":null}},{"start":{},"end":{}}],"line":26},"4":{"loc":{"start":{"line":66,"column":2},"end":{"line":70,"column":null}},"type":"if","locations":[{"start":{"line":66,"column":2},"end":{"line":70,"column":null}},{"start":{},"end":{}}],"line":66}},"s":{"0":1,"1":1,"2":1,"3":1,"4":7,"5":7,"6":1,"7":6,"8":6,"9":6,"10":6,"11":6,"12":204,"13":204,"14":204,"15":204,"16":204,"17":204,"18":204,"19":204,"20":204,"21":204,"22":6,"23":6,"24":2,"25":2,"26":6},"f":{"0":7},"b":{"0":[7],"1":[7],"2":[7],"3":[1,6],"4":[2,4]},"meta":{"lastBranch":5,"lastFunction":1,"lastStatement":27,"seen":{"s:9:17:9:Infinity":0,"s:10:19:10:Infinity":1,"s:11:18:11:Infinity":2,"s:13:26:13:Infinity":3,"f:20:22:20:Infinity":0,"b:22:26:22:Infinity":0,"s:24:39:24:Infinity":4,"b:24:22:24:26":1,"b:24:33:24:39":2,"b:26:2:26:Infinity:undefined:undefined:undefined:undefined":3,"s:26:2:26:Infinity":5,"s:26:23:26:Infinity":6,"s:29:25:29:Infinity":7,"s:30:17:30:Infinity":8,"s:32:25:32:Infinity":9,"s:34:2:58:Infinity":10,"s:34:15:34:18":11,"s:37:10:37:Infinity":12,"s:41:16:41:Infinity":13,"s:42:18:42:Infinity":14,"s:43:17:43:Infinity":15,"s:46:22:46:Infinity":16,"s:50:26:50:Infinity":17,"s:52:26:52:Infinity":18,"s:55:4:55:Infinity":19,"s:56:4:56:Infinity":20,"s:57:4:57:Infinity":21,"s:62:6:64:Infinity":22,"b:66:2:70:Infinity:undefined:undefined:undefined:undefined":4,"s:66:2:70:Infinity":23,"s:68:10:68:Infinity":24,"s:69:4:69:Infinity":25,"s:72:2:72:Infinity":26}}}
,"/Users/ethan/Documents/film-filter/src/effects/vignette.ts": {"path":"/Users/ethan/Documents/film-filter/src/effects/vignette.ts","statementMap":{"0":{"start":{"line":12,"column":44},"end":{"line":12,"column":null}},"1":{"start":{"line":14,"column":2},"end":{"line":14,"column":null}},"2":{"start":{"line":14,"column":23},"end":{"line":14,"column":null}},"3":{"start":{"line":17,"column":25},"end":{"line":17,"column":null}},"4":{"start":{"line":18,"column":38},"end":{"line":18,"column":null}},"5":{"start":{"line":20,"column":18},"end":{"line":20,"column":null}},"6":{"start":{"line":21,"column":18},"end":{"line":21,"column":null}},"7":{"start":{"line":22,"column":18},"end":{"line":22,"column":null}},"8":{"start":{"line":24,"column":19},"end":{"line":24,"column":null}},"9":{"start":{"line":26,"column":2},"end":{"line":47,"column":null}},"10":{"start":{"line":26,"column":15},"end":{"line":26,"column":18}},"11":{"start":{"line":27,"column":4},"end":{"line":46,"column":null}},"12":{"start":{"line":27,"column":17},"end":{"line":27,"column":20}},"13":{"start":{"line":28,"column":12},"end":{"line":28,"column":null}},"14":{"start":{"line":29,"column":12},"end":{"line":29,"column":null}},"15":{"start":{"line":32,"column":19},"end":{"line":32,"column":null}},"16":{"start":{"line":34,"column":26},"end":{"line":34,"column":null}},"17":{"start":{"line":35,"column":26},"end":{"line":35,"column":null}},"18":{"start":{"line":38,"column":23},"end":{"line":38,"column":null}},"19":{"start":{"line":40,"column":25},"end":{"line":40,"column":null}},"20":{"start":{"line":43,"column":24},"end":{"line":43,"column":null}},"21":{"start":{"line":45,"column":6},"end":{"line":45,"column":null}},"22":{"start":{"line":49,"column":23},"end":{"line":51,"column":null}},"23":{"start":{"line":54,"column":2},"end":{"line":55,"column":null}}},"fnMap":{"0":{"name":"applyVignette","decl":{"start":{"line":8,"column":22},"end":{"line":8,"column":null}},"loc":{"start":{"line":11,"column":24},"end":{"line":56,"column":null}},"line":11}},"branchMap":{"0":{"loc":{"start":{"line":10,"column":2},"end":{"line":10,"column":null}},"type":"default-arg","locations":[{"start":{"line":10,"column":29},"end":{"line":10,"column":null}}],"line":10},"1":{"loc":{"start":{"line":12,"column":10},"end":{"line":12,"column":26}},"type":"default-arg","locations":[{"start":{"line":12,"column":22},"end":{"line":12,"column":26}}],"line":12},"2":{"loc":{"start":{"line":12,"column":26},"end":{"line":12,"column":44}},"type":"default-arg","locations":[{"start":{"line":12,"column":35},"end":{"line":12,"column":44}}],"line":12},"3":{"loc":{"start":{"line":14,"column":2},"end":{"line":14,"column":null}},"type":"if","locations":[{"start":{"line":14,"column":2},"end":{"line":14,"column":null}},{"start":{},"end":{}}],"line":14}},"s":{"0":13,"1":13,"2":1,"3":12,"4":12,"5":12,"6":12,"7":12,"8":12,"9":12,"10":12,"11":120,"12":120,"13":1200,"14":1200,"15":1200,"16":1200,"17":1200,"18":1200,"19":1200,"20":1200,"21":1200,"22":12,"23":12},"f":{"0":13},"b":{"0":[13],"1":[13],"2":[13],"3":[1,12]},"meta":{"lastBranch":4,"lastFunction":1,"lastStatement":24,"seen":{"f:8:22:8:Infinity":0,"b:10:29:10:Infinity":0,"s:12:44:12:Infinity":0,"b:12:22:12:26":1,"b:12:35:12:44":2,"b:14:2:14:Infinity:undefined:undefined:undefined:undefined":3,"s:14:2:14:Infinity":1,"s:14:23:14:Infinity":2,"s:17:25:17:Infinity":3,"s:18:38:18:Infinity":4,"s:20:18:20:Infinity":5,"s:21:18:21:Infinity":6,"s:22:18:22:Infinity":7,"s:24:19:24:Infinity":8,"s:26:2:47:Infinity":9,"s:26:15:26:18":10,"s:27:4:46:Infinity":11,"s:27:17:27:20":12,"s:28:12:28:Infinity":13,"s:29:12:29:Infinity":14,"s:32:19:32:Infinity":15,"s:34:26:34:Infinity":16,"s:35:26:35:Infinity":17,"s:38:23:38:Infinity":18,"s:40:25:40:Infinity":19,"s:43:24:43:Infinity":20,"s:45:6:45:Infinity":21,"s:49:23:51:Infinity":22,"s:54:2:55:Infinity":23}}}
}
